2026-06-01 18:20:05,098 | INFO | Running STL-PELT_a=0.0 on 90 configs...
2026-06-01 18:20:05,098 | INFO |   [STL-PELT_a=0.0] 1/90
2026-06-01 18:20:24,609 | INFO |   [STL-PELT_a=0.0] 10/90
2026-06-01 18:20:47,349 | INFO |   [STL-PELT_a=0.0] 20/90
2026-06-01 18:21:10,480 | INFO |   [STL-PELT_a=0.0] 30/90
2026-06-01 18:21:32,464 | INFO |   [STL-PELT_a=0.0] 40/90
2026-06-01 18:21:54,022 | INFO |   [STL-PELT_a=0.0] 50/90
2026-06-01 18:22:15,952 | INFO |   [STL-PELT_a=0.0] 60/90
2026-06-01 18:22:38,636 | INFO |   [STL-PELT_a=0.0] 70/90
2026-06-01 18:23:01,816 | INFO |   [STL-PELT_a=0.0] 80/90
2026-06-01 18:23:24,883 | INFO |   [STL-PELT_a=0.0] 90/90
2026-06-01 18:23:27,048 | INFO | Running STL-PELT_a=0.1 on 90 configs...
2026-06-01 18:23:27,048 | INFO |   [STL-PELT_a=0.1] 1/90
2026-06-01 18:23:46,700 | INFO |   [STL-PELT_a=0.1] 10/90
2026-06-01 18:24:09,654 | INFO |   [STL-PELT_a=0.1] 20/90
2026-06-01 18:24:32,899 | INFO |   [STL-PELT_a=0.1] 30/90
2026-06-01 18:24:55,015 | INFO |   [STL-PELT_a=0.1] 40/90
2026-06-01 18:25:16,692 | INFO |   [STL-PELT_a=0.1] 50/90
2026-06-01 18:25:38,699 | INFO |   [STL-PELT_a=0.1] 60/90
2026-06-01 18:26:01,420 | INFO |   [STL-PELT_a=0.1] 70/90
2026-06-01 18:26:24,616 | INFO |   [STL-PELT_a=0.1] 80/90
2026-06-01 18:26:47,660 | INFO |   [STL-PELT_a=0.1] 90/90
2026-06-01 18:26:49,815 | INFO | Running STL-PELT_a=0.3 on 90 configs...
2026-06-01 18:26:49,815 | INFO |   [STL-PELT_a=0.3] 1/90
2026-06-01 18:27:09,435 | INFO |   [STL-PELT_a=0.3] 10/90
2026-06-01 18:27:32,226 | INFO |   [STL-PELT_a=0.3] 20/90
2026-06-01 18:27:55,344 | INFO |   [STL-PELT_a=0.3] 30/90
2026-06-01 18:28:17,280 | INFO |   [STL-PELT_a=0.3] 40/90
2026-06-01 18:28:38,779 | INFO |   [STL-PELT_a=0.3] 50/90
2026-06-01 18:29:00,610 | INFO |   [STL-PELT_a=0.3] 60/90
2026-06-01 18:29:23,164 | INFO |   [STL-PELT_a=0.3] 70/90
2026-06-01 18:29:46,133 | INFO |   [STL-PELT_a=0.3] 80/90
2026-06-01 18:30:09,004 | INFO |   [STL-PELT_a=0.3] 90/90
2026-06-01 18:30:11,148 | INFO | Running STL-PELT_a=0.5 on 90 configs...
2026-06-01 18:30:11,148 | INFO |   [STL-PELT_a=0.5] 1/90
2026-06-01 18:30:30,663 | INFO |   [STL-PELT_a=0.5] 10/90
2026-06-01 18:30:53,384 | INFO |   [STL-PELT_a=0.5] 20/90
2026-06-01 18:31:16,445 | INFO |   [STL-PELT_a=0.5] 30/90
2026-06-01 18:31:38,351 | INFO |   [STL-PELT_a=0.5] 40/90
2026-06-01 18:31:59,823 | INFO |   [STL-PELT_a=0.5] 50/90
2026-06-01 18:32:21,711 | INFO |   [STL-PELT_a=0.5] 60/90
2026-06-01 18:32:44,263 | INFO |   [STL-PELT_a=0.5] 70/90
2026-06-01 18:33:07,227 | INFO |   [STL-PELT_a=0.5] 80/90
2026-06-01 18:33:30,094 | INFO |   [STL-PELT_a=0.5] 90/90
2026-06-01 18:33:32,251 | INFO | Running STL-PELT_a=0.7 on 90 configs...
2026-06-01 18:33:32,251 | INFO |   [STL-PELT_a=0.7] 1/90
2026-06-01 18:33:51,744 | INFO |   [STL-PELT_a=0.7] 10/90
2026-06-01 18:34:14,449 | INFO |   [STL-PELT_a=0.7] 20/90
2026-06-01 18:34:37,496 | INFO |   [STL-PELT_a=0.7] 30/90
2026-06-01 18:34:59,371 | INFO |   [STL-PELT_a=0.7] 40/90
2026-06-01 18:35:20,822 | INFO |   [STL-PELT_a=0.7] 50/90
2026-06-01 18:35:42,624 | INFO |   [STL-PELT_a=0.7] 60/90
2026-06-01 18:36:05,131 | INFO |   [STL-PELT_a=0.7] 70/90
2026-06-01 18:36:28,040 | INFO |   [STL-PELT_a=0.7] 80/90
2026-06-01 18:36:50,891 | INFO |   [STL-PELT_a=0.7] 90/90
2026-06-01 18:36:53,037 | INFO | Running STL-PELT_a=0.9 on 90 configs...
2026-06-01 18:36:53,037 | INFO |   [STL-PELT_a=0.9] 1/90
2026-06-01 18:37:12,533 | INFO |   [STL-PELT_a=0.9] 10/90
2026-06-01 18:37:35,223 | INFO |   [STL-PELT_a=0.9] 20/90
2026-06-01 18:37:58,235 | INFO |   [STL-PELT_a=0.9] 30/90
2026-06-01 18:38:20,125 | INFO |   [STL-PELT_a=0.9] 40/90
2026-06-01 18:38:41,576 | INFO |   [STL-PELT_a=0.9] 50/90
2026-06-01 18:39:03,358 | INFO |   [STL-PELT_a=0.9] 60/90
2026-06-01 18:39:25,826 | INFO |   [STL-PELT_a=0.9] 70/90
2026-06-01 18:39:48,749 | INFO |   [STL-PELT_a=0.9] 80/90
2026-06-01 18:40:11,588 | INFO |   [STL-PELT_a=0.9] 90/90
2026-06-01 18:40:13,726 | INFO | Running STL-PELT_a=1.0 on 90 configs...
2026-06-01 18:40:13,726 | INFO |   [STL-PELT_a=1.0] 1/90
2026-06-01 18:40:33,219 | INFO |   [STL-PELT_a=1.0] 10/90
2026-06-01 18:40:55,890 | INFO |   [STL-PELT_a=1.0] 20/90
2026-06-01 18:41:18,921 | INFO |   [STL-PELT_a=1.0] 30/90
2026-06-01 18:41:40,802 | INFO |   [STL-PELT_a=1.0] 40/90
2026-06-01 18:42:02,243 | INFO |   [STL-PELT_a=1.0] 50/90
2026-06-01 18:42:24,011 | INFO |   [STL-PELT_a=1.0] 60/90
2026-06-01 18:42:46,506 | INFO |   [STL-PELT_a=1.0] 70/90
2026-06-01 18:43:09,455 | INFO |   [STL-PELT_a=1.0] 80/90
2026-06-01 18:43:32,289 | INFO |   [STL-PELT_a=1.0] 90/90
2026-06-01 18:43:34,440 | INFO | Saved 630 rows to /home/amri/Code/python/anomaly-detection-retail/data/results/alpha_ablation_results.parquet

================================================================================
ALPHA ABLATION RESULTS (Food Prices Calendar)
================================================================================

--- Anomaly Rate: 1% ---
Traceback (most recent call last):
  File "/home/amri/Code/python/anomaly-detection-retail/scripts/alpha_ablation.py", line 122, in <module>
    main()
    ~~~~^^
  File "/home/amri/Code/python/anomaly-detection-retail/scripts/alpha_ablation.py", line 98, in main
    print(f"  alpha={alpha:.1f}: P={row['precision']:.4f} R={row['recall']:.4f} F1={row['f1']:.4f}")
                                   ^^^^^^^^^^^^^^^^^^^^^^
TypeError: unsupported format string passed to Series.__format__
