2026-06-01 17:31:28,249 | INFO | ============================================================
2026-06-01 17:31:28,249 | INFO | PHASE 3: Full experiment
2026-06-01 17:31:28,249 | INFO | ============================================================
2026-06-01 17:31:29,801 | INFO | Loaded food_prices: 30 series
2026-06-01 17:31:29,874 | INFO | Running STL-PELT_0.7 on 90 configs...
2026-06-01 17:31:29,874 | INFO |   [STL-PELT_0.7] 1/90
2026-06-01 17:31:49,360 | INFO |   [STL-PELT_0.7] 10/90
2026-06-01 17:32:11,642 | INFO |   [STL-PELT_0.7] 20/90
2026-06-01 17:32:34,127 | INFO |   [STL-PELT_0.7] 30/90
2026-06-01 17:32:55,906 | INFO |   [STL-PELT_0.7] 40/90
2026-06-01 17:33:17,489 | INFO |   [STL-PELT_0.7] 50/90
2026-06-01 17:33:39,178 | INFO |   [STL-PELT_0.7] 60/90
2026-06-01 17:34:01,554 | INFO |   [STL-PELT_0.7] 70/90
2026-06-01 17:34:24,374 | INFO |   [STL-PELT_0.7] 80/90
2026-06-01 17:34:47,429 | INFO |   [STL-PELT_0.7] 90/90
2026-06-01 17:34:49,595 | INFO | Loaded food_prices_calendar: 30 series
2026-06-01 17:34:49,595 | INFO | Running STL-PELT_0.7 on 90 configs...
2026-06-01 17:34:49,595 | INFO |   [STL-PELT_0.7] 1/90
2026-06-01 17:35:09,288 | INFO |   [STL-PELT_0.7] 10/90
2026-06-01 17:35:32,197 | INFO |   [STL-PELT_0.7] 20/90
2026-06-01 17:35:55,478 | INFO |   [STL-PELT_0.7] 30/90
2026-06-01 17:36:17,553 | INFO |   [STL-PELT_0.7] 40/90
2026-06-01 17:36:39,105 | INFO |   [STL-PELT_0.7] 50/90
2026-06-01 17:37:00,995 | INFO |   [STL-PELT_0.7] 60/90
2026-06-01 17:37:23,590 | INFO |   [STL-PELT_0.7] 70/90
2026-06-01 17:37:46,603 | INFO |   [STL-PELT_0.7] 80/90
2026-06-01 17:38:09,520 | INFO |   [STL-PELT_0.7] 90/90
2026-06-01 17:38:11,664 | INFO | Loaded online_retail: 30 series
2026-06-01 17:38:11,665 | INFO | Running STL-PELT_0.7 on 90 configs...
2026-06-01 17:38:11,665 | INFO |   [STL-PELT_0.7] 1/90
2026-06-01 17:38:11,950 | INFO |   [STL-PELT_0.7] 10/90
2026-06-01 17:38:12,273 | INFO |   [STL-PELT_0.7] 20/90
2026-06-01 17:38:12,554 | INFO |   [STL-PELT_0.7] 30/90
2026-06-01 17:38:12,870 | INFO |   [STL-PELT_0.7] 40/90
2026-06-01 17:38:13,113 | INFO |   [STL-PELT_0.7] 50/90
2026-06-01 17:38:13,402 | INFO |   [STL-PELT_0.7] 60/90
2026-06-01 17:38:13,637 | INFO |   [STL-PELT_0.7] 70/90
2026-06-01 17:38:13,942 | INFO |   [STL-PELT_0.7] 80/90
2026-06-01 17:38:14,273 | INFO |   [STL-PELT_0.7] 90/90
2026-06-01 17:38:14,316 | INFO | Loaded m5: 30 series
2026-06-01 17:38:14,317 | INFO | Running STL-PELT_0.7 on 90 configs...
2026-06-01 17:38:14,317 | INFO |   [STL-PELT_0.7] 1/90
2026-06-01 17:38:37,821 | INFO |   [STL-PELT_0.7] 10/90
2026-06-01 17:39:03,934 | INFO |   [STL-PELT_0.7] 20/90
2026-06-01 17:39:31,257 | INFO |   [STL-PELT_0.7] 30/90
2026-06-01 17:39:57,819 | INFO |   [STL-PELT_0.7] 40/90
2026-06-01 17:40:24,108 | INFO |   [STL-PELT_0.7] 50/90
2026-06-01 17:40:50,509 | INFO |   [STL-PELT_0.7] 60/90
2026-06-01 17:41:15,939 | INFO |   [STL-PELT_0.7] 70/90
2026-06-01 17:41:42,268 | INFO |   [STL-PELT_0.7] 80/90
2026-06-01 17:42:07,404 | INFO |   [STL-PELT_0.7] 90/90
2026-06-01 17:42:09,958 | INFO | Loaded food_prices_calendar: 30 series
2026-06-01 17:42:09,958 | INFO | Running STL+IQR on 90 configs...
2026-06-01 17:42:09,958 | INFO |   [STL+IQR] 1/90
2026-06-01 17:42:28,002 | INFO |   [STL+IQR] 10/90
2026-06-01 17:42:48,030 | INFO |   [STL+IQR] 20/90
2026-06-01 17:43:08,066 | INFO |   [STL+IQR] 30/90
2026-06-01 17:43:28,098 | INFO |   [STL+IQR] 40/90
2026-06-01 17:43:48,098 | INFO |   [STL+IQR] 50/90
2026-06-01 17:44:08,115 | INFO |   [STL+IQR] 60/90
2026-06-01 17:44:28,112 | INFO |   [STL+IQR] 70/90
2026-06-01 17:44:48,114 | INFO |   [STL+IQR] 80/90
2026-06-01 17:45:08,113 | INFO |   [STL+IQR] 90/90
2026-06-01 17:45:10,122 | INFO | Loaded food_prices_calendar: 30 series
2026-06-01 17:45:10,123 | INFO | Running Autoencoder on 90 configs...
2026-06-01 17:45:10,123 | INFO |   [Autoencoder] 1/90
2026-06-01 17:45:39,021 | INFO |   [Autoencoder] 10/90
2026-06-01 17:46:10,001 | INFO |   [Autoencoder] 20/90
2026-06-01 17:46:41,057 | INFO |   [Autoencoder] 30/90
2026-06-01 17:47:12,288 | INFO |   [Autoencoder] 40/90
2026-06-01 17:47:43,626 | INFO |   [Autoencoder] 50/90
2026-06-01 17:48:15,165 | INFO |   [Autoencoder] 60/90
2026-06-01 17:48:46,447 | INFO |   [Autoencoder] 70/90
2026-06-01 17:49:17,899 | INFO |   [Autoencoder] 80/90
2026-06-01 17:49:49,266 | INFO |   [Autoencoder] 90/90
2026-06-01 17:49:52,425 | INFO | Saved 540 rows to /home/amri/Code/python/anomaly-detection-retail/data/results/phase3_results.parquet
2026-06-01 17:49:52,430 | INFO | 
=== PHASE 3 RESULTS ===
                                                precision  recall      f1
dataset              method       anomaly_rate                           
food_prices          STL-PELT_0.7 0.01             0.0377  0.2614  0.0617
                                  0.05             0.0886  0.1473  0.1021
                                  0.10             0.1677  0.1320  0.1348
food_prices_calendar Autoencoder  0.01             0.1249  0.4843  0.1925
                                  0.05             0.3078  0.2240  0.2553
                                  0.10             0.5193  0.1798  0.2664
                     STL+IQR      0.01             0.0275  0.6333  0.0526
                                  0.05             0.1217  0.5775  0.1992
                                  0.10             0.2247  0.5579  0.3164
                     STL-PELT_0.7 0.01             0.0602  0.5373  0.1050
                                  0.05             0.2196  0.4273  0.2822
                                  0.10             0.3619  0.4004  0.3733
m5                   STL-PELT_0.7 0.01             0.0264  0.2333  0.0469
                                  0.05             0.1345  0.2457  0.1699
                                  0.10             0.2208  0.2209  0.2150
online_retail        STL-PELT_0.7 0.01             0.0183  0.7667  0.0357
                                  0.05             0.0950  0.2603  0.1374
                                  0.10             0.2031  0.3432  0.2513
2026-06-01 17:49:52,430 | INFO | Phase 3 complete.
