2026-06-01 16:46:35,211 | INFO | ============================================================
2026-06-01 16:46:35,211 | INFO | PHASE 1: STL-Adapt validation on M5
2026-06-01 16:46:35,211 | INFO | ============================================================
2026-06-01 16:46:35,211 | INFO | Loading M5...
2026-06-01 16:46:35,433 | INFO | Loaded 30 series
2026-06-01 16:46:36,816 | INFO | Running STL+IQR on 90 dataset configs...
2026-06-01 16:46:36,816 | INFO |   [STL+IQR] 1/90
2026-06-01 16:46:56,347 | INFO |   [STL+IQR] 10/90
2026-06-01 16:47:18,132 | INFO |   [STL+IQR] 20/90
2026-06-01 16:47:39,888 | INFO |   [STL+IQR] 30/90
2026-06-01 16:48:01,645 | INFO |   [STL+IQR] 40/90
2026-06-01 16:48:23,412 | INFO |   [STL+IQR] 50/90
2026-06-01 16:48:45,179 | INFO |   [STL+IQR] 60/90
2026-06-01 16:49:06,949 | INFO |   [STL+IQR] 70/90
2026-06-01 16:49:28,750 | INFO |   [STL+IQR] 80/90
2026-06-01 16:49:50,543 | INFO |   [STL+IQR] 90/90
2026-06-01 16:49:52,721 | INFO | Running STL-Hampel on 90 dataset configs...
2026-06-01 16:49:52,721 | INFO |   [STL-Hampel] 1/90
2026-06-01 16:50:14,218 | INFO |   [STL-Hampel] 10/90
2026-06-01 16:50:38,129 | INFO |   [STL-Hampel] 20/90
2026-06-01 16:51:02,023 | INFO |   [STL-Hampel] 30/90
2026-06-01 16:51:25,939 | INFO |   [STL-Hampel] 40/90
2026-06-01 16:51:49,896 | INFO |   [STL-Hampel] 50/90
2026-06-01 16:52:13,728 | INFO |   [STL-Hampel] 60/90
2026-06-01 16:52:37,544 | INFO |   [STL-Hampel] 70/90
2026-06-01 16:53:01,306 | INFO |   [STL-Hampel] 80/90
2026-06-01 16:53:25,064 | INFO |   [STL-Hampel] 90/90
2026-06-01 16:53:27,430 | INFO | Running STL-SeasonalAdapt on 90 dataset configs...
2026-06-01 16:53:27,430 | INFO |   [STL-SeasonalAdapt] 1/90
2026-06-01 16:53:47,131 | INFO |   [STL-SeasonalAdapt] 10/90
2026-06-01 16:54:09,030 | INFO |   [STL-SeasonalAdapt] 20/90
2026-06-01 16:54:30,927 | INFO |   [STL-SeasonalAdapt] 30/90
2026-06-01 16:54:52,819 | INFO |   [STL-SeasonalAdapt] 40/90
2026-06-01 16:55:14,698 | INFO |   [STL-SeasonalAdapt] 50/90
2026-06-01 16:55:36,590 | INFO |   [STL-SeasonalAdapt] 60/90
2026-06-01 16:55:58,471 | INFO |   [STL-SeasonalAdapt] 70/90
2026-06-01 16:56:20,353 | INFO |   [STL-SeasonalAdapt] 80/90
2026-06-01 16:56:42,275 | INFO |   [STL-SeasonalAdapt] 90/90
2026-06-01 16:56:44,458 | INFO | Running STL-HybridAE on 90 dataset configs...
2026-06-01 16:56:44,458 | INFO |   [STL-HybridAE] 1/90
2026-06-01 16:57:14,390 | INFO |   [STL-HybridAE] 10/90
2026-06-01 16:57:46,596 | INFO |   [STL-HybridAE] 20/90
2026-06-01 16:58:18,965 | INFO |   [STL-HybridAE] 30/90
2026-06-01 16:58:51,361 | INFO |   [STL-HybridAE] 40/90
2026-06-01 16:59:23,809 | INFO |   [STL-HybridAE] 50/90
2026-06-01 16:59:56,295 | INFO |   [STL-HybridAE] 60/90
2026-06-01 17:00:28,787 | INFO |   [STL-HybridAE] 70/90
2026-06-01 17:01:01,321 | INFO |   [STL-HybridAE] 80/90
2026-06-01 17:01:33,856 | INFO |   [STL-HybridAE] 90/90
2026-06-01 17:01:37,113 | INFO | Saved 360 rows to /home/amri/Code/python/anomaly-detection-retail/data/results/stl_adapt_m5_results.parquet
2026-06-01 17:01:37,118 | INFO | 
=== SUMMARY (M5 only) ===
                                precision  recall      f1  auc_roc  auc_pr
method            anomaly_rate                                            
STL+IQR           0.01             0.0204  0.5123  0.0390   0.6344  0.0400
                  0.05             0.0821  0.3880  0.1319   0.5825  0.1096
                  0.10             0.1474  0.3804  0.2054   0.5636  0.1695
STL-Hampel        0.01             0.0173  0.3404  0.0326   0.5620  0.0187
                  0.05             0.0791  0.3322  0.1258   0.5807  0.0751
                  0.10             0.1418  0.3125  0.1920   0.5597  0.1328
STL-HybridAE      0.01             0.0123  0.0491  0.0191   0.5611  0.0145
                  0.05             0.0535  0.0485  0.0500   0.5138  0.0546
                  0.10             0.0986  0.0456  0.0616   0.4950  0.0995
STL-SeasonalAdapt 0.01             0.0176  0.5561  0.0340   0.6242  0.0288
                  0.05             0.0679  0.4301  0.1167   0.5781  0.1013
                  0.10             0.1267  0.4189  0.1931   0.5603  0.1595
2026-06-01 17:01:37,119 | INFO | 
=== FIT TIME ===
                     mean     std
method                           
STL+IQR            2.1711  0.0075
STL-Hampel         2.3798  0.0093
STL-HybridAE       3.2446  0.0914
STL-SeasonalAdapt  2.1835  0.0059
2026-06-01 17:01:37,119 | INFO | 
Phase 1 complete.
