2026-06-01 17:11:53,755 | INFO | STL-PELT validation on M5
2026-06-01 17:11:54,498 | INFO | Running STL+IQR on 90 configs...
2026-06-01 17:11:54,498 | INFO |   [STL+IQR] 1/90
2026-06-01 17:12:14,051 | INFO |   [STL+IQR] 10/90
2026-06-01 17:12:35,788 | INFO |   [STL+IQR] 20/90
2026-06-01 17:12:57,570 | INFO |   [STL+IQR] 30/90
2026-06-01 17:13:19,384 | INFO |   [STL+IQR] 40/90
2026-06-01 17:13:41,226 | INFO |   [STL+IQR] 50/90
2026-06-01 17:14:03,072 | INFO |   [STL+IQR] 60/90
2026-06-01 17:14:24,935 | INFO |   [STL+IQR] 70/90
2026-06-01 17:14:46,822 | INFO |   [STL+IQR] 80/90
2026-06-01 17:15:08,771 | INFO |   [STL+IQR] 90/90
2026-06-01 17:15:10,961 | INFO | Running STL-PELT_0.5 on 90 configs...
2026-06-01 17:15:10,961 | INFO |   [STL-PELT_0.5] 1/90
2026-06-01 17:15:34,497 | INFO |   [STL-PELT_0.5] 10/90
2026-06-01 17:16:00,622 | INFO |   [STL-PELT_0.5] 20/90
2026-06-01 17:16:27,948 | INFO |   [STL-PELT_0.5] 30/90
2026-06-01 17:16:54,509 | INFO |   [STL-PELT_0.5] 40/90
2026-06-01 17:17:20,791 | INFO |   [STL-PELT_0.5] 50/90
2026-06-01 17:17:47,208 | INFO |   [STL-PELT_0.5] 60/90
2026-06-01 17:18:12,679 | INFO |   [STL-PELT_0.5] 70/90
2026-06-01 17:18:39,009 | INFO |   [STL-PELT_0.5] 80/90
2026-06-01 17:19:04,168 | INFO |   [STL-PELT_0.5] 90/90
2026-06-01 17:19:06,726 | INFO | Running STL-PELT_0.7 on 90 configs...
2026-06-01 17:19:06,726 | INFO |   [STL-PELT_0.7] 1/90
2026-06-01 17:19:30,190 | INFO |   [STL-PELT_0.7] 10/90
2026-06-01 17:19:56,287 | INFO |   [STL-PELT_0.7] 20/90
2026-06-01 17:20:23,563 | INFO |   [STL-PELT_0.7] 30/90
2026-06-01 17:20:50,078 | INFO |   [STL-PELT_0.7] 40/90
2026-06-01 17:21:16,326 | INFO |   [STL-PELT_0.7] 50/90
2026-06-01 17:21:42,711 | INFO |   [STL-PELT_0.7] 60/90
2026-06-01 17:22:08,124 | INFO |   [STL-PELT_0.7] 70/90
2026-06-01 17:22:34,434 | INFO |   [STL-PELT_0.7] 80/90
2026-06-01 17:22:59,548 | INFO |   [STL-PELT_0.7] 90/90
2026-06-01 17:23:02,107 | INFO | Running STL-PELT_0.9 on 90 configs...
2026-06-01 17:23:02,107 | INFO |   [STL-PELT_0.9] 1/90
2026-06-01 17:23:25,557 | INFO |   [STL-PELT_0.9] 10/90
2026-06-01 17:23:51,653 | INFO |   [STL-PELT_0.9] 20/90
2026-06-01 17:24:18,914 | INFO |   [STL-PELT_0.9] 30/90
2026-06-01 17:24:45,435 | INFO |   [STL-PELT_0.9] 40/90
2026-06-01 17:25:11,693 | INFO |   [STL-PELT_0.9] 50/90
2026-06-01 17:25:38,063 | INFO |   [STL-PELT_0.9] 60/90
2026-06-01 17:26:03,457 | INFO |   [STL-PELT_0.9] 70/90
2026-06-01 17:26:29,764 | INFO |   [STL-PELT_0.9] 80/90
2026-06-01 17:26:54,876 | INFO |   [STL-PELT_0.9] 90/90
2026-06-01 17:26:57,447 | INFO | Saved 360 rows to /home/amri/Code/python/anomaly-detection-retail/data/results/stl_pelt_m5_results.parquet
2026-06-01 17:26:57,452 | INFO | 
                           precision  recall      f1  auc_roc  auc_pr
method       anomaly_rate                                            
STL+IQR      0.01             0.0204  0.5123  0.0390   0.6344  0.0400
             0.05             0.0821  0.3880  0.1319   0.5825  0.1096
             0.10             0.1474  0.3804  0.2054   0.5636  0.1695
STL-PELT_0.5 0.01             0.0433  0.1404  0.0618   0.6221  0.0356
             0.05             0.1824  0.1428  0.1498   0.5655  0.1009
             0.10             0.2887  0.1339  0.1656   0.5596  0.1601
STL-PELT_0.7 0.01             0.0264  0.2333  0.0469   0.6322  0.0367
             0.05             0.1345  0.2457  0.1699   0.5701  0.1059
             0.10             0.2208  0.2209  0.2150   0.5607  0.1658
STL-PELT_0.9 0.01             0.0275  0.3368  0.0502   0.6342  0.0388
             0.05             0.1165  0.2902  0.1606   0.5746  0.1084
             0.10             0.2033  0.2652  0.2213   0.5613  0.1686
2026-06-01 17:26:57,454 | INFO | STL-PELT_0.5 vs baseline:
2026-06-01 17:26:57,454 | INFO |   rate=0.01: 0.0618 vs 0.0390 (+58.3%)
2026-06-01 17:26:57,454 | INFO |   rate=0.05: 0.1498 vs 0.1319 (+13.5%)
2026-06-01 17:26:57,454 | INFO |   rate=0.10: 0.1656 vs 0.2054 (-19.4%)
2026-06-01 17:26:57,455 | INFO | STL-PELT_0.7 vs baseline:
2026-06-01 17:26:57,455 | INFO |   rate=0.01: 0.0469 vs 0.0390 (+20.2%)
2026-06-01 17:26:57,455 | INFO |   rate=0.05: 0.1699 vs 0.1319 (+28.8%)
2026-06-01 17:26:57,455 | INFO |   rate=0.10: 0.2150 vs 0.2054 (+4.7%)
2026-06-01 17:26:57,456 | INFO | STL-PELT_0.9 vs baseline:
2026-06-01 17:26:57,456 | INFO |   rate=0.01: 0.0502 vs 0.0390 (+28.5%)
2026-06-01 17:26:57,456 | INFO |   rate=0.05: 0.1606 vs 0.1319 (+21.8%)
2026-06-01 17:26:57,456 | INFO |   rate=0.10: 0.2213 vs 0.2054 (+7.8%)
2026-06-01 17:26:57,456 | INFO | Done.
